<?xml version="1.0" encoding="UTF-8"?>
<testng-results ignored="0" total="1" passed="1" failed="0" skipped="0">
  <reporter-output>
  </reporter-output>
  <suite started-at="2023-10-01T09:15:33 IST" name="Default suite" finished-at="2023-10-01T09:15:44 IST" duration-ms="10559">
    <groups>
    </groups>
    <test started-at="2023-10-01T09:15:33 IST" name="Default test" finished-at="2023-10-01T09:15:44 IST" duration-ms="10559">
      <class name="tests.FileUploadExample">
        <test-method signature="upload()[pri:0, instance:tests.FileUploadExample@351d00c0]" started-at="2023-10-01T09:15:33 IST" name="upload" finished-at="2023-10-01T09:15:44 IST" duration-ms="10490" status="PASS">
          <reporter-output>
          </reporter-output>
        </test-method> <!-- upload -->
      </class> <!-- tests.FileUploadExample -->
    </test> <!-- Default test -->
  </suite> <!-- Default suite -->
</testng-results>
