<?xml version="1.0" encoding="UTF-8"?>
<testng-results ignored="0" total="4" passed="4" failed="0" skipped="0">
  <reporter-output>
  </reporter-output>
  <suite started-at="2023-10-07T09:19:57 IST" name="Suite" finished-at="2023-10-07T09:20:46 IST" duration-ms="48535">
    <groups>
      <group name="cucumber">
        <method signature="AbstractTestNGCucumberTests.runScenario(io.cucumber.testng.PickleWrapper,io.cucumber.testng.FeatureWrapper)[pri:0, instance:runner.TestRunner@3fc2959f]" name="runScenario" class="io.cucumber.testng.AbstractTestNGCucumberTests"/>
      </group> <!-- cucumber -->
    </groups>
    <test started-at="2023-10-07T09:19:57 IST" name="Test" finished-at="2023-10-07T09:20:46 IST" duration-ms="48535">
      <class name="runner.TestRunner">
        <test-method is-config="true" signature="setUpClass(org.testng.ITestContext)[pri:0, instance:runner.TestRunner@3fc2959f]" started-at="2023-10-07T09:19:57 IST" name="setUpClass" finished-at="2023-10-07T09:19:58 IST" duration-ms="880" status="PASS">
          <params>
            <param index="0">
              <value>
                <![CDATA[org.testng.TestRunner@50a13c2f]]>
              </value>
            </param>
          </params>
          <reporter-output>
          </reporter-output>
        </test-method> <!-- setUpClass -->
        <test-method signature="runScenario(io.cucumber.testng.PickleWrapper,io.cucumber.testng.FeatureWrapper)[pri:0, instance:runner.TestRunner@3fc2959f]" started-at="2023-10-07T09:19:58 IST" name="runScenario" description="Runs Cucumber Scenarios" data-provider="scenarios" finished-at="2023-10-07T09:20:08 IST" duration-ms="9949" status="PASS">
          <params>
            <param index="0">
              <value>
                <![CDATA["Test the login with valid credentials"]]>
              </value>
            </param>
            <param index="1">
              <value>
                <![CDATA["Login feature of Orange HR application"]]>
              </value>
            </param>
          </params>
          <reporter-output>
          </reporter-output>
        </test-method> <!-- runScenario -->
        <test-method signature="runScenario(io.cucumber.testng.PickleWrapper,io.cucumber.testng.FeatureWrapper)[pri:0, instance:runner.TestRunner@3fc2959f]" started-at="2023-10-07T09:20:08 IST" name="runScenario" description="Runs Cucumber Scenarios" data-provider="scenarios" finished-at="2023-10-07T09:20:22 IST" duration-ms="14311" status="PASS">
          <params>
            <param index="0">
              <value>
                <![CDATA["Test the login with invalid credentials"]]>
              </value>
            </param>
            <param index="1">
              <value>
                <![CDATA["Login feature of Orange HR application"]]>
              </value>
            </param>
          </params>
          <reporter-output>
          </reporter-output>
        </test-method> <!-- runScenario -->
        <test-method signature="runScenario(io.cucumber.testng.PickleWrapper,io.cucumber.testng.FeatureWrapper)[pri:0, instance:runner.TestRunner@3fc2959f]" started-at="2023-10-07T09:20:22 IST" name="runScenario" description="Runs Cucumber Scenarios" data-provider="scenarios" finished-at="2023-10-07T09:20:35 IST" duration-ms="12561" status="PASS">
          <params>
            <param index="0">
              <value>
                <![CDATA["Test login with various credentials"]]>
              </value>
            </param>
            <param index="1">
              <value>
                <![CDATA["Login feature of Orange HR application"]]>
              </value>
            </param>
          </params>
          <reporter-output>
          </reporter-output>
        </test-method> <!-- runScenario -->
        <test-method signature="runScenario(io.cucumber.testng.PickleWrapper,io.cucumber.testng.FeatureWrapper)[pri:0, instance:runner.TestRunner@3fc2959f]" started-at="2023-10-07T09:20:35 IST" name="runScenario" description="Runs Cucumber Scenarios" data-provider="scenarios" finished-at="2023-10-07T09:20:46 IST" duration-ms="10667" status="PASS">
          <params>
            <param index="0">
              <value>
                <![CDATA["Test login with various credentials"]]>
              </value>
            </param>
            <param index="1">
              <value>
                <![CDATA["Login feature of Orange HR application"]]>
              </value>
            </param>
          </params>
          <reporter-output>
          </reporter-output>
        </test-method> <!-- runScenario -->
        <test-method is-config="true" signature="tearDownClass()[pri:0, instance:runner.TestRunner@3fc2959f]" started-at="2023-10-07T09:20:46 IST" name="tearDownClass" finished-at="2023-10-07T09:20:46 IST" duration-ms="74" status="PASS">
          <reporter-output>
          </reporter-output>
        </test-method> <!-- tearDownClass -->
      </class> <!-- runner.TestRunner -->
    </test> <!-- Test -->
  </suite> <!-- Suite -->
</testng-results>
